<?xml version="1.0" encoding="UTF-8"?>
<testng-results ignored="0" total="1" passed="1" failed="0" skipped="0">
  <reporter-output>
  </reporter-output>
  <suite started-at="2023-09-23T23:09:16 AST" name="Default suite" finished-at="2023-09-23T23:09:22 AST" duration-ms="5312">
    <groups>
    </groups>
    <test started-at="2023-09-23T23:09:16 AST" name="Default test" finished-at="2023-09-23T23:09:22 AST" duration-ms="5312">
      <class name="AlMosafer">
        <test-method is-config="true" signature="myBeforeTest()[pri:0, instance:AlMosafer@701a32]" started-at="2023-09-23T23:09:16 AST" name="myBeforeTest" finished-at="2023-09-23T23:09:16 AST" duration-ms="14" status="PASS">
          <reporter-output>
          </reporter-output>
        </test-method> <!-- myBeforeTest -->
        <test-method signature="myTest()[pri:0, instance:AlMosafer@701a32]" started-at="2023-09-23T23:09:16 AST" name="myTest" finished-at="2023-09-23T23:09:22 AST" duration-ms="5263" status="PASS">
          <reporter-output>
          </reporter-output>
        </test-method> <!-- myTest -->
        <test-method is-config="true" signature="myAfterTest()[pri:0, instance:AlMosafer@701a32]" started-at="2023-09-23T23:09:22 AST" name="myAfterTest" finished-at="2023-09-23T23:09:22 AST" duration-ms="0" status="PASS">
          <reporter-output>
          </reporter-output>
        </test-method> <!-- myAfterTest -->
      </class> <!-- AlMosafer -->
    </test> <!-- Default test -->
  </suite> <!-- Default suite -->
</testng-results>
